2025-10-08 01:12:18	SYSTEM	...c2265d4	
[ERROR] [01f0a3e3c9211955a6ed4cd1ec2265d4] Error deploying app: error starting app: app exited unexpectedly
2025-10-08 01:12:18	SYSTEM	...c2265d4	
[INFO] Deployment 01f0a3e3c9211955a6ed4cd1ec2265d4 ended in 12.415978878s
2025-10-08 01:12:18	SYSTEM	...c2265d4	
[ERROR] Could not start app. app exited unexpectedly.
2025-10-08 01:12:18	APP	...c2265d4	
2025-10-08 01:12:18.499 Thread 'MainThread': missing ScriptRunContext! This warning can be ignored when running in bare mode.
2025-10-08 01:12:18	APP	...c2265d4	
2025-10-08 01:12:18.499 Thread 'MainThread': missing ScriptRunContext! This warning can be ignored when running in bare mode.
2025-10-08 01:12:18	APP	...c2265d4	
2025-10-08 01:12:18.499 Thread 'MainThread': missing ScriptRunContext! This warning can be ignored when running in bare mode.
2025-10-08 01:12:18	APP	...c2265d4	
2025-10-08 01:12:18.499 Thread 'MainThread': missing ScriptRunContext! This warning can be ignored when running in bare mode.
2025-10-08 01:12:18	APP	...c2265d4	
2025-10-08 01:12:18.499 Thread 'MainThread': missing ScriptRunContext! This warning can be ignored when running in bare mode.
2025-10-08 01:12:18	APP	...c2265d4	
2025-10-08 01:12:18.499 Thread 'MainThread': missing ScriptRunContext! This warning can be ignored when running in bare mode.
2025-10-08 01:12:18	APP	...c2265d4	
2025-10-08 01:12:18.499 Thread 'MainThread': missing ScriptRunContext! This warning can be ignored when running in bare mode.
2025-10-08 01:12:18	APP	...c2265d4	
2025-10-08 01:12:18.499 Thread 'MainThread': missing ScriptRunContext! This warning can be ignored when running in bare mode.
2025-10-08 01:12:18	APP	...c2265d4	
2025-10-08 01:12:18.499 Thread 'MainThread': missing ScriptRunContext! This warning can be ignored when running in bare mode.
2025-10-08 01:12:18	APP	...c2265d4	
2025-10-08 01:12:18.499 Thread 'MainThread': missing ScriptRunContext! This warning can be ignored when running in bare mode.
2025-10-08 01:12:18	APP	...c2265d4	
2025-10-08 01:12:18.499 Thread 'MainThread': missing ScriptRunContext! This warning can be ignored when running in bare mode.
2025-10-08 01:12:18	APP	...c2265d4	
2025-10-08 01:12:18.499 Thread 'MainThread': missing ScriptRunContext! This warning can be ignored when running in bare mode.
2025-10-08 01:12:18	APP	...c2265d4	
2025-10-08 01:12:18.499 Thread 'MainThread': missing ScriptRunContext! This warning can be ignored when running in bare mode.
2025-10-08 01:12:18	APP	...c2265d4	
2025-10-08 01:12:18.499 Thread 'MainThread': missing ScriptRunContext! This warning can be ignored when running in bare mode.
2025-10-08 01:12:18	APP	...c2265d4	
2025-10-08 01:12:18.499 Thread 'MainThread': missing ScriptRunContext! This warning can be ignored when running in bare mode.
2025-10-08 01:12:18	APP	...c2265d4	
2025-10-08 01:12:18.499 Thread 'MainThread': missing ScriptRunContext! This warning can be ignored when running in bare mode.
2025-10-08 01:12:18	APP	...c2265d4	
2025-10-08 01:12:18.499 Thread 'MainThread': missing ScriptRunContext! This warning can be ignored when running in bare mode. 2025-10-08 01:12:18.499 Thread 'MainThread': missing ScriptRunContext! This warning can be ignored when running in bare mode.
2025-10-08 01:12:18	APP	...c2265d4	
2025-10-08 01:12:18.499 Thread 'MainThread': missing ScriptRunContext! This warning can be ignored when running in bare mode.
2025-10-08 01:12:18	APP	...c2265d4	
2025-10-08 01:12:18.499 Thread 'MainThread': missing ScriptRunContext! This warning can be ignored when running in bare mode.
2025-10-08 01:12:18	APP	...c2265d4	
2025-10-08 01:12:18.498 Thread 'MainThread': missing ScriptRunContext! This warning can be ignored when running in bare mode.
2025-10-08 01:12:18	APP	...c2265d4	
2025-10-08 01:12:18.498 Thread 'MainThread': missing ScriptRunContext! This warning can be ignored when running in bare mode.
2025-10-08 01:12:18	APP	...c2265d4	
2025-10-08 01:12:18.498 Thread 'MainThread': missing ScriptRunContext! This warning can be ignored when running in bare mode.
2025-10-08 01:12:18	APP	...c2265d4	
2025-10-08 01:12:18.498 Thread 'MainThread': missing ScriptRunContext! This warning can be ignored when running in bare mode.
2025-10-08 01:12:18	APP	...c2265d4	
2025-10-08 01:12:18.498 Thread 'MainThread': missing ScriptRunContext! This warning can be ignored when running in bare mode.
2025-10-08 01:12:18	APP	...c2265d4	
2025-10-08 01:12:18.498 Thread 'MainThread': missing ScriptRunContext! This warning can be ignored when running in bare mode.
2025-10-08 01:12:18	APP	...c2265d4	
2025-10-08 01:12:18.498 Thread 'MainThread': missing ScriptRunContext! This warning can be ignored when running in bare mode.
2025-10-08 01:12:18	APP	...c2265d4	
2025-10-08 01:12:18.498 Thread 'MainThread': missing ScriptRunContext! This warning can be ignored when running in bare mode.
2025-10-08 01:12:18	APP	...c2265d4	
2025-10-08 01:12:18.498 Thread 'MainThread': missing ScriptRunContext! This warning can be ignored when running in bare mode.
2025-10-08 01:12:18	APP	...c2265d4	
2025-10-08 01:12:18.498 Thread 'MainThread': missing ScriptRunContext! This warning can be ignored when running in bare mode.
2025-10-08 01:12:18	APP	...c2265d4	
2025-10-08 01:12:18.498 Thread 'MainThread': missing ScriptRunContext! This warning can be ignored when running in bare mode.
2025-10-08 01:12:18	APP	...c2265d4	
2025-10-08 01:12:18.498 Thread 'MainThread': missing ScriptRunContext! This warning can be ignored when running in bare mode.
2025-10-08 01:12:18	APP	...c2265d4	
2025-10-08 01:12:18.498 Thread 'MainThread': missing ScriptRunContext! This warning can be ignored when running in bare mode.
2025-10-08 01:12:18	APP	...c2265d4	
2025-10-08 01:12:18.498 Thread 'MainThread': missing ScriptRunContext! This warning can be ignored when running in bare mode.
2025-10-08 01:12:18	APP	...c2265d4	
2025-10-08 01:12:18.498 Thread 'MainThread': missing ScriptRunContext! This warning can be ignored when running in bare mode.
2025-10-08 01:12:18	APP	...c2265d4	
2025-10-08 01:12:18.498 Thread 'MainThread': missing ScriptRunContext! This warning can be ignored when running in bare mode.
2025-10-08 01:12:18	APP	...c2265d4	
2025-10-08 01:12:18.498 Thread 'MainThread': missing ScriptRunContext! This warning can be ignored when running in bare mode.
2025-10-08 01:12:18	APP	...c2265d4	
2025-10-08 01:12:18.498 Thread 'MainThread': missing ScriptRunContext! This warning can be ignored when running in bare mode.
2025-10-08 01:12:18	APP	...c2265d4	
2025-10-08 01:12:18.497 Thread 'MainThread': missing ScriptRunContext! This warning can be ignored when running in bare mode.
2025-10-08 01:12:18	APP	...c2265d4	
2025-10-08 01:12:18.497 Thread 'MainThread': missing ScriptRunContext! This warning can be ignored when running in bare mode.
2025-10-08 01:12:18	APP	...c2265d4	
2025-10-08 01:12:18.482 Thread 'MainThread': missing ScriptRunContext! This warning can be ignored when running in bare mode.
2025-10-08 01:12:18	APP	...c2265d4	
2025-10-08 01:12:18.482 Thread 'MainThread': missing ScriptRunContext! This warning can be ignored when running in bare mode.
2025-10-08 01:12:18	APP	...c2265d4	
2025-10-08 01:12:18.482 Thread 'MainThread': missing ScriptRunContext! This warning can be ignored when running in bare mode.
2025-10-08 01:12:18	APP	...c2265d4	
2025-10-08 01:12:18.481 Thread 'MainThread': missing ScriptRunContext! This warning can be ignored when running in bare mode.
2025-10-08 01:12:18	APP	...c2265d4	
2025-10-08 01:12:18.481 Thread 'MainThread': missing ScriptRunContext! This warning can be ignored when running in bare mode.
2025-10-08 01:12:18	APP	...c2265d4	
2025-10-08 01:12:18.481 Thread 'MainThread': missing ScriptRunContext! This warning can be ignored when running in bare mode.
2025-10-08 01:12:18	APP	...c2265d4	
2025-10-08 01:12:18.481 Thread 'MainThread': missing ScriptRunContext! This warning can be ignored when running in bare mode.
2025-10-08 01:12:18	APP	...c2265d4	
2025-10-08 01:12:18.481 Thread 'MainThread': missing ScriptRunContext! This warning can be ignored when running in bare mode.
2025-10-08 01:12:18	APP	...c2265d4	
2025-10-08 01:12:18.481 Thread 'MainThread': missing ScriptRunContext! This warning can be ignored when running in bare mode.
2025-10-08 01:12:18	APP	...c2265d4	
2025-10-08 01:12:18.481 Thread 'MainThread': missing ScriptRunContext! This warning can be ignored when running in bare mode.
2025-10-08 01:12:18	APP	...c2265d4	
PostgreSQL connection failed: connection to server at "localhost" (127.0.0.1), port 5432 failed: Connection refused Is the server running on that host and accepting TCP/IP connections?
2025-10-08 01:12:18	APP	...c2265d4	
2025-10-08 01:12:18.364 Thread 'MainThread': missing ScriptRunContext! This warning can be ignored when running in bare mode.
2025-10-08 01:12:18	APP	...c2265d4	
2025-10-08 01:12:18.015 Thread 'MainThread': missing ScriptRunContext! This warning can be ignored when running in bare mode. 2025-10-08 01:12:18.015 Thread 'MainThread': missing ScriptRunContext! This warning can be ignored when running in bare mode.
2025-10-08 01:12:18	APP	...c2265d4	
2025-10-08 01:12:18.015 Thread 'MainThread': missing ScriptRunContext! This warning can be ignored when running in bare mode.
2025-10-08 01:12:18	APP	...c2265d4	
2025-10-08 01:12:18.015 [33m[1mWarning:[0m to view this Streamlit app on a browser, run it with the following command: streamlit run app.py [ARGUMENTS]
2025-10-08 01:12:17	APP	...c2265d4	
2025-10-08 01:12:17.951 WARNING streamlit.runtime.scriptrunner_utils.script_run_context: Thread 'MainThread': missing ScriptRunContext! This warning can be ignored when running in bare mode.
2025-10-08 01:12:17	APP	...c2265d4	
2025-10-08 01:12:17.951 WARNING streamlit.runtime.scriptrunner_utils.script_run_context: Thread 'MainThread': missing ScriptRunContext! This warning can be ignored when running in bare mode.
2025-10-08 01:12:17	APP	...c2265d4	
2025-10-08 01:12:17.951 WARNING streamlit.runtime.scriptrunner_utils.script_run_context: Thread 'MainThread': missing ScriptRunContext! This warning can be ignored when running in bare mode.
2025-10-08 01:12:17	APP	...c2265d4	
2025-10-08 01:12:17.951 WARNING streamlit.runtime.scriptrunner_utils.script_run_context: Thread 'MainThread': missing ScriptRunContext! This warning can be ignored when running in bare mode.
2025-10-08 01:12:17	APP	...c2265d4	
2025-10-08 01:12:17.951 WARNING streamlit.runtime.scriptrunner_utils.script_run_context: Thread 'MainThread': missing ScriptRunContext! This warning can be ignored when running in bare mode.
2025-10-08 01:12:17	APP	...c2265d4	
2025-10-08 01:12:17.951 WARNING streamlit.runtime.scriptrunner_utils.script_run_context: Thread 'MainThread': missing ScriptRunContext! This warning can be ignored when running in bare mode.
2025-10-08 01:12:17	APP	...c2265d4	
2025-10-08 01:12:17.951 WARNING streamlit.runtime.scriptrunner_utils.script_run_context: Thread 'MainThread': missing ScriptRunContext! This warning can be ignored when running in bare mode.
2025-10-08 01:12:17	APP	...c2265d4	
2025-10-08 01:12:17.951 WARNING streamlit.runtime.scriptrunner_utils.script_run_context: Thread 'MainThread': missing ScriptRunContext! This warning can be ignored when running in bare mode.
2025-10-08 01:12:17	APP	...c2265d4	
2025-10-08 01:12:17.951 WARNING streamlit.runtime.scriptrunner_utils.script_run_context: Thread 'MainThread': missing ScriptRunContext! This warning can be ignored when running in bare mode. 2025-10-08 01:12:17.951 WARNING streamlit.runtime.scriptrunner_utils.script_run_context: Thread 'MainThread': missing ScriptRunContext! This warning can be ignored when running in bare mode.
2025-10-08 01:12:17	APP	...c2265d4	
2025-10-08 01:12:17.951 WARNING streamlit.runtime.scriptrunner_utils.script_run_context: Thread 'MainThread': missing ScriptRunContext! This warning can be ignored when running in bare mode.
2025-10-08 01:12:17	APP	...c2265d4	
2025-10-08 01:12:17.951 WARNING streamlit.runtime.scriptrunner_utils.script_run_context: Thread 'MainThread': missing ScriptRunContext! This warning can be ignored when running in bare mode.
2025-10-08 01:12:17	APP	...c2265d4	
2025-10-08 01:12:17.951 WARNING streamlit.runtime.state.session_state_proxy: Session state does not function when running a script without `streamlit run`
2025-10-08 01:12:17	APP	...c2265d4	
2025-10-08 01:12:17.950 WARNING streamlit.runtime.scriptrunner_utils.script_run_context: Thread 'MainThread': missing ScriptRunContext! This warning can be ignored when running in bare mode.
2025-10-08 01:12:17	APP	...c2265d4	
2025-10-08 01:12:17.950 WARNING streamlit.runtime.scriptrunner_utils.script_run_context: Thread 'MainThread': missing ScriptRunContext! This warning can be ignored when running in bare mode.
2025-10-08 01:12:17	SYSTEM	...c2265d4	
[INFO] Starting app with command: [python app.py]
2025-10-08 01:12:16	SYSTEM	...cce6587	
[INFO] Requirements installed successfully.
2025-10-08 01:12:16	SYSTEM	...cce6587	
Successfully installed PyJWT-2.10.1 azure-common-1.1.28 azure-core-1.35.1 azure-identity-1.25.1 azure-mgmt-core-1.6.0 azure-mgmt-costmanagement-4.0.1 azure-mgmt-resource-24.0.0 azure-monitor-query-2.0.0 cffi-2.0.0 cryptography-46.0.2 isodate-0.7.2 msal-1.34.0 msal-extensions-1.3.1 psycopg2-binary-2.9.10 pycparser-2.23 reportlab-4.4.4
2025-10-08 01:12:16	SYSTEM	...cce6587	
2025-10-08 01:12:11	SYSTEM	...cce6587	
Installing collected packages: azure-common, reportlab, PyJWT, pycparser, psycopg2-binary, isodate, cffi, azure-core, cryptography, azure-monitor-query, azure-mgmt-core, azure-mgmt-resource, azure-mgmt-costmanagement, msal, msal-extensions, azure-identity
2025-10-08 01:12:11	SYSTEM	...cce6587	
Downloading pycparser-2.23-py3-none-any.whl (118 kB)
2025-10-08 01:12:11	SYSTEM	...cce6587	
Downloading msal_extensions-1.3.1-py3-none-any.whl (20 kB)
2025-10-08 01:12:11	SYSTEM	...cce6587	
Downloading PyJWT-2.10.1-py3-none-any.whl (22 kB)
2025-10-08 01:12:11	SYSTEM	...cce6587	
Downloading msal-1.34.0-py3-none-any.whl (116 kB)
2025-10-08 01:12:11	SYSTEM	...cce6587	
Downloading cffi-2.0.0-cp311-cp311-manylinux2014_x86_64.manylinux_2_17_x86_64.whl (215 kB)
2025-10-08 01:12:11	SYSTEM	...cce6587	
2025-10-08 01:12:11	SYSTEM	...cce6587	
   ‚îÅ‚îÅ‚îÅ‚îÅ‚îÅ‚îÅ‚îÅ‚îÅ‚îÅ‚îÅ‚îÅ‚îÅ‚îÅ‚îÅ‚îÅ‚îÅ‚îÅ‚îÅ‚îÅ‚îÅ‚îÅ‚îÅ‚îÅ‚îÅ‚îÅ‚îÅ‚îÅ‚îÅ‚îÅ‚îÅ‚îÅ‚îÅ‚îÅ‚îÅ‚îÅ‚îÅ‚îÅ‚îÅ‚îÅ‚îÅ 4.5/4.5 MB 93.3 MB/s  0:00:00
2025-10-08 01:12:11	SYSTEM	...cce6587	
Downloading cryptography-46.0.2-cp311-abi3-manylinux_2_34_x86_64.whl (4.5 MB)
2025-10-08 01:12:11	SYSTEM	...cce6587	
Downloading azure_core-1.35.1-py3-none-any.whl (211 kB)
2025-10-08 01:12:11	SYSTEM	...cce6587	
2025-10-08 01:12:11	SYSTEM	...cce6587	
   ‚îÅ‚îÅ‚îÅ‚îÅ‚îÅ‚îÅ‚îÅ‚îÅ‚îÅ‚îÅ‚îÅ‚îÅ‚îÅ‚îÅ‚îÅ‚îÅ‚îÅ‚îÅ‚îÅ‚îÅ‚îÅ‚îÅ‚îÅ‚îÅ‚îÅ‚îÅ‚îÅ‚îÅ‚îÅ‚îÅ‚îÅ‚îÅ‚îÅ‚îÅ‚îÅ‚îÅ‚îÅ‚îÅ‚îÅ‚îÅ 2.0/2.0 MB 70.1 MB/s  0:00:00
2025-10-08 01:12:11	SYSTEM	...cce6587	
Downloading reportlab-4.4.4-py3-none-any.whl (2.0 MB)
2025-10-08 01:12:11	SYSTEM	...cce6587	
Downloading azure_monitor_query-2.0.0-py3-none-any.whl (71 kB)
2025-10-08 01:12:11	SYSTEM	...cce6587	
Downloading isodate-0.7.2-py3-none-any.whl (22 kB)
2025-10-08 01:12:11	SYSTEM	...cce6587	
Downloading azure_mgmt_core-1.6.0-py3-none-any.whl (29 kB)
2025-10-08 01:12:11	SYSTEM	...cce6587	
Downloading azure_common-1.1.28-py2.py3-none-any.whl (14 kB)
2025-10-08 01:12:11	SYSTEM	...cce6587	
Downloading azure_mgmt_costmanagement-4.0.1-py3-none-any.whl (180 kB)
2025-10-08 01:12:11	SYSTEM	...cce6587	
2025-10-08 01:12:11	SYSTEM	...cce6587	
   ‚îÅ‚îÅ‚îÅ‚îÅ‚îÅ‚îÅ‚îÅ‚îÅ‚îÅ‚îÅ‚îÅ‚îÅ‚îÅ‚îÅ‚îÅ‚îÅ‚îÅ‚îÅ‚îÅ‚îÅ‚îÅ‚îÅ‚îÅ‚îÅ‚îÅ‚îÅ‚îÅ‚îÅ‚îÅ‚îÅ‚îÅ‚îÅ‚îÅ‚îÅ‚îÅ‚îÅ‚îÅ‚îÅ‚îÅ‚îÅ 3.6/3.6 MB 60.9 MB/s  0:00:00
2025-10-08 01:12:11	SYSTEM	...cce6587	
Downloading azure_mgmt_resource-24.0.0-py3-none-any.whl (3.6 MB)
2025-10-08 01:12:11	SYSTEM	...cce6587	
Downloading azure_identity-1.25.1-py3-none-any.whl (191 kB)
2025-10-08 01:12:11	SYSTEM	...cce6587	
2025-10-08 01:12:11	SYSTEM	...cce6587	
   ‚îÅ‚îÅ‚îÅ‚îÅ‚îÅ‚îÅ‚îÅ‚îÅ‚îÅ‚îÅ‚îÅ‚îÅ‚îÅ‚îÅ‚îÅ‚îÅ‚îÅ‚îÅ‚îÅ‚îÅ‚îÅ‚îÅ‚îÅ‚îÅ‚îÅ‚îÅ‚îÅ‚îÅ‚îÅ‚îÅ‚îÅ‚îÅ‚îÅ‚îÅ‚îÅ‚îÅ‚îÅ‚îÅ‚îÅ‚îÅ 3.0/3.0 MB 62.3 MB/s  0:00:00
2025-10-08 01:12:11	SYSTEM	...cce6587	
Downloading psycopg2_binary-2.9.10-cp311-cp311-manylinux_2_17_x86_64.manylinux2014_x86_64.whl (3.0 MB)
2025-10-08 01:12:11	SYSTEM	...cce6587	
  Downloading PyJWT-2.10.1-py3-none-any.whl.metadata (4.0 kB)
2025-10-08 01:12:11	SYSTEM	...cce6587	
Collecting PyJWT<3,>=1.0.0 (from PyJWT[crypto]<3,>=1.0.0->msal>=1.30.0->azure-identity>=1.15.0->-r requirements.txt (line 7))
2025-10-08 01:12:11	SYSTEM	...cce6587	
Requirement already satisfied: mdurl~=0.1 in ./.venv/lib/python3.11/site-packages (from markdown-it-py>=2.2.0->rich<14,>=10.14.0->streamlit>=1.28.0->-r requirements.txt (line 1)) (0.1.2)
2025-10-08 01:12:11	SYSTEM	...cce6587	
Requirement already satisfied: rpds-py>=0.7.1 in ./.venv/lib/python3.11/site-packages (from jsonschema>=3.0->altair<6,>=4.0->streamlit>=1.28.0->-r requirements.txt (line 1)) (0.27.1)
2025-10-08 01:12:11	SYSTEM	...cce6587	
Requirement already satisfied: referencing>=0.28.4 in ./.venv/lib/python3.11/site-packages (from jsonschema>=3.0->altair<6,>=4.0->streamlit>=1.28.0->-r requirements.txt (line 1)) (0.36.2)
2025-10-08 01:12:11	SYSTEM	...cce6587	
Requirement already satisfied: jsonschema-specifications>=2023.03.6 in ./.venv/lib/python3.11/site-packages (from jsonschema>=3.0->altair<6,>=4.0->streamlit>=1.28.0->-r requirements.txt (line 1)) (2025.9.1)
2025-10-08 01:12:11	SYSTEM	...cce6587	
Requirement already satisfied: attrs>=22.2.0 in ./.venv/lib/python3.11/site-packages (from jsonschema>=3.0->altair<6,>=4.0->streamlit>=1.28.0->-r requirements.txt (line 1)) (25.3.0)
2025-10-08 01:12:11	SYSTEM	...cce6587	
Requirement already satisfied: MarkupSafe>=2.0 in ./.venv/lib/python3.11/site-packages (from jinja2->altair<6,>=4.0->streamlit>=1.28.0->-r requirements.txt (line 1)) (2.1.5)
2025-10-08 01:12:11	SYSTEM	...cce6587	
  Downloading pycparser-2.23-py3-none-any.whl.metadata (993 bytes)
2025-10-08 01:12:11	SYSTEM	...cce6587	
Collecting pycparser (from cffi>=2.0.0->cryptography>=2.5->azure-identity>=1.15.0->-r requirements.txt (line 7))
2025-10-08 01:12:11	SYSTEM	...cce6587	
  Downloading cffi-2.0.0-cp311-cp311-manylinux2014_x86_64.manylinux_2_17_x86_64.whl.metadata (2.6 kB)
2025-10-08 01:12:11	SYSTEM	...cce6587	
Collecting cffi>=2.0.0 (from cryptography>=2.5->azure-identity>=1.15.0->-r requirements.txt (line 7))
2025-10-08 01:12:10	SYSTEM	...cce6587	
Requirement already satisfied: six>=1.11.0 in ./.venv/lib/python3.11/site-packages (from azure-core>=1.31.0->azure-identity>=1.15.0->-r requirements.txt (line 7)) (1.17.0)
2025-10-08 01:12:10	SYSTEM	...cce6587	
Requirement already satisfied: et-xmlfile in ./.venv/lib/python3.11/site-packages (from openpyxl>=3.1.2->-r requirements.txt (line 12)) (2.0.0)
2025-10-08 01:12:10	SYSTEM	...cce6587	
  Downloading azure_mgmt_core-1.6.0-py3-none-any.whl.metadata (4.6 kB)
2025-10-08 01:12:10	SYSTEM	...cce6587	
Collecting azure-mgmt-core>=1.5.0 (from azure-mgmt-resource>=23.0.0->-r requirements.txt (line 8))
2025-10-08 01:12:10	SYSTEM	...cce6587	
  Downloading azure_common-1.1.28-py2.py3-none-any.whl.metadata (5.0 kB)
2025-10-08 01:12:10	SYSTEM	...cce6587	
Collecting azure-common>=1.1 (from azure-mgmt-resource>=23.0.0->-r requirements.txt (line 8))
2025-10-08 01:12:10	SYSTEM	...cce6587	
  Downloading isodate-0.7.2-py3-none-any.whl.metadata (11 kB)
2025-10-08 01:12:10	SYSTEM	...cce6587	
Collecting isodate>=0.6.1 (from azure-mgmt-resource>=23.0.0->-r requirements.txt (line 8))
2025-10-08 01:12:10	SYSTEM	...cce6587	
  Downloading msal_extensions-1.3.1-py3-none-any.whl.metadata (7.8 kB)
2025-10-08 01:12:10	SYSTEM	...cce6587	
Collecting msal-extensions>=1.2.0 (from azure-identity>=1.15.0->-r requirements.txt (line 7))
2025-10-08 01:12:10	SYSTEM	...cce6587	
  Downloading msal-1.34.0-py3-none-any.whl.metadata (11 kB)
2025-10-08 01:12:10	SYSTEM	...cce6587	
Collecting msal>=1.30.0 (from azure-identity>=1.15.0->-r requirements.txt (line 7))
2025-10-08 01:12:10	SYSTEM	...cce6587	
  Downloading cryptography-46.0.2-cp311-abi3-manylinux_2_34_x86_64.whl.metadata (5.7 kB)
2025-10-08 01:12:10	SYSTEM	...cce6587	
Collecting cryptography>=2.5 (from azure-identity>=1.15.0->-r requirements.txt (line 7))
2025-10-08 01:12:10	SYSTEM	...cce6587	
  Downloading azure_core-1.35.1-py3-none-any.whl.metadata (46 kB)
2025-10-08 01:12:10	SYSTEM	...cce6587	
Collecting azure-core>=1.31.0 (from azure-identity>=1.15.0->-r requirements.txt (line 7))
2025-10-08 01:12:10	SYSTEM	...cce6587	
Requirement already satisfied: pygments<3.0.0,>=2.13.0 in ./.venv/lib/python3.11/site-packages (from rich<14,>=10.14.0->streamlit>=1.28.0->-r requirements.txt (line 1)) (2.19.2)
2025-10-08 01:12:10	SYSTEM	...cce6587	
Requirement already satisfied: markdown-it-py>=2.2.0 in ./.venv/lib/python3.11/site-packages (from rich<14,>=10.14.0->streamlit>=1.28.0->-r requirements.txt (line 1)) (4.0.0)
2025-10-08 01:12:10	SYSTEM	...cce6587	
Requirement already satisfied: certifi>=2017.4.17 in ./.venv/lib/python3.11/site-packages (from requests<3,>=2.27->streamlit>=1.28.0->-r requirements.txt (line 1)) (2025.8.3)
2025-10-08 01:12:10	SYSTEM	...cce6587	
Requirement already satisfied: urllib3<3,>=1.21.1 in ./.venv/lib/python3.11/site-packages (from requests<3,>=2.27->streamlit>=1.28.0->-r requirements.txt (line 1)) (2.5.0)
2025-10-08 01:12:10	SYSTEM	...cce6587	
Requirement already satisfied: idna<4,>=2.5 in ./.venv/lib/python3.11/site-packages (from requests<3,>=2.27->streamlit>=1.28.0->-r requirements.txt (line 1)) (3.10)
2025-10-08 01:12:10	SYSTEM	...cce6587	
Requirement already satisfied: charset_normalizer<4,>=2 in ./.venv/lib/python3.11/site-packages (from requests<3,>=2.27->streamlit>=1.28.0->-r requirements.txt (line 1)) (3.4.3)
2025-10-08 01:12:10	SYSTEM	...cce6587	
Requirement already satisfied: smmap<6,>=3.0.1 in ./.venv/lib/python3.11/site-packages (from gitdb<5,>=4.0.1->gitpython!=3.1.19,<4,>=3.0.7->streamlit>=1.28.0->-r requirements.txt (line 1)) (5.0.2)
2025-10-08 01:12:10	SYSTEM	...cce6587	
Requirement already satisfied: gitdb<5,>=4.0.1 in ./.venv/lib/python3.11/site-packages (from gitpython!=3.1.19,<4,>=3.0.7->streamlit>=1.28.0->-r requirements.txt (line 1)) (4.0.12)
2025-10-08 01:12:10	SYSTEM	...cce6587	
Requirement already satisfied: narwhals>=1.14.2 in ./.venv/lib/python3.11/site-packages (from altair<6,>=4.0->streamlit>=1.28.0->-r requirements.txt (line 1)) (2.5.0)
2025-10-08 01:12:10	SYSTEM	...cce6587	
Requirement already satisfied: jsonschema>=3.0 in ./.venv/lib/python3.11/site-packages (from altair<6,>=4.0->streamlit>=1.28.0->-r requirements.txt (line 1)) (4.25.1)
2025-10-08 01:12:10	SYSTEM	...cce6587	
Requirement already satisfied: jinja2 in ./.venv/lib/python3.11/site-packages (from altair<6,>=4.0->streamlit>=1.28.0->-r requirements.txt (line 1)) (3.1.6)
2025-10-08 01:12:10	SYSTEM	...cce6587	
Requirement already satisfied: tzdata>=2022.7 in ./.venv/lib/python3.11/site-packages (from pandas>=2.0.0->-r requirements.txt (line 2)) (2025.2)
2025-10-08 01:12:10	SYSTEM	...cce6587	
Requirement already satisfied: pytz>=2020.1 in ./.venv/lib/python3.11/site-packages (from pandas>=2.0.0->-r requirements.txt (line 2)) (2025.2)
2025-10-08 01:12:10	SYSTEM	...cce6587	
Requirement already satisfied: python-dateutil>=2.8.2 in ./.venv/lib/python3.11/site-packages (from pandas>=2.0.0->-r requirements.txt (line 2)) (2.9.0.post0)
2025-10-08 01:12:10	SYSTEM	...cce6587	
Requirement already satisfied: watchdog<5,>=2.1.5 in ./.venv/lib/python3.11/site-packages (from streamlit>=1.28.0->-r requirements.txt (line 1)) (4.0.2)
2025-10-08 01:12:10	SYSTEM	...cce6587	
Requirement already satisfied: tornado<7,>=6.0.3 in ./.venv/lib/python3.11/site-packages (from streamlit>=1.28.0->-r requirements.txt (line 1)) (6.5.2)
2025-10-08 01:12:10	SYSTEM	...cce6587	
Requirement already satisfied: pydeck<1,>=0.8.0b4 in ./.venv/lib/python3.11/site-packages (from streamlit>=1.28.0->-r requirements.txt (line 1)) (0.9.1)
2025-10-08 01:12:10	SYSTEM	...cce6587	
Requirement already satisfied: gitpython!=3.1.19,<4,>=3.0.7 in ./.venv/lib/python3.11/site-packages (from streamlit>=1.28.0->-r requirements.txt (line 1)) (3.1.45)
2025-10-08 01:12:10	SYSTEM	...cce6587	
Requirement already satisfied: typing-extensions<5,>=4.3.0 in ./.venv/lib/python3.11/site-packages (from streamlit>=1.28.0->-r requirements.txt (line 1)) (4.15.0)
2025-10-08 01:12:10	SYSTEM	...cce6587	
Requirement already satisfied: toml<2,>=0.10.1 in ./.venv/lib/python3.11/site-packages (from streamlit>=1.28.0->-r requirements.txt (line 1)) (0.10.2)
2025-10-08 01:12:10	SYSTEM	...cce6587	
Requirement already satisfied: tenacity<9,>=8.1.0 in ./.venv/lib/python3.11/site-packages (from streamlit>=1.28.0->-r requirements.txt (line 1)) (8.5.0)
2025-10-08 01:12:10	SYSTEM	...cce6587	
Requirement already satisfied: rich<14,>=10.14.0 in ./.venv/lib/python3.11/site-packages (from streamlit>=1.28.0->-r requirements.txt (line 1)) (13.9.4)
2025-10-08 01:12:10	SYSTEM	...cce6587	
Requirement already satisfied: requests<3,>=2.27 in ./.venv/lib/python3.11/site-packages (from streamlit>=1.28.0->-r requirements.txt (line 1)) (2.32.5)
2025-10-08 01:12:10	SYSTEM	...cce6587	
Requirement already satisfied: pyarrow>=7.0 in ./.venv/lib/python3.11/site-packages (from streamlit>=1.28.0->-r requirements.txt (line 1)) (16.1.0)
2025-10-08 01:12:10	SYSTEM	...cce6587	
Requirement already satisfied: protobuf<6,>=3.20 in ./.venv/lib/python3.11/site-packages (from streamlit>=1.28.0->-r requirements.txt (line 1)) (5.29.5)
2025-10-08 01:12:10	SYSTEM	...cce6587	
Requirement already satisfied: pillow<11,>=7.1.0 in ./.venv/lib/python3.11/site-packages (from streamlit>=1.28.0->-r requirements.txt (line 1)) (10.4.0)
2025-10-08 01:12:10	SYSTEM	...cce6587	
Requirement already satisfied: packaging<25,>=20 in ./.venv/lib/python3.11/site-packages (from streamlit>=1.28.0->-r requirements.txt (line 1)) (24.2)
2025-10-08 01:12:10	SYSTEM	...cce6587	
Requirement already satisfied: click<9,>=7.0 in ./.venv/lib/python3.11/site-packages (from streamlit>=1.28.0->-r requirements.txt (line 1)) (8.3.0)
2025-10-08 01:12:10	SYSTEM	...cce6587	
Requirement already satisfied: cachetools<6,>=4.0 in ./.venv/lib/python3.11/site-packages (from streamlit>=1.28.0->-r requirements.txt (line 1)) (5.5.2)
2025-10-08 01:12:10	SYSTEM	...cce6587	
Requirement already satisfied: blinker<2,>=1.0.0 in ./.venv/lib/python3.11/site-packages (from streamlit>=1.28.0->-r requirements.txt (line 1)) (1.9.0)
2025-10-08 01:12:10	SYSTEM	...cce6587	
Requirement already satisfied: altair<6,>=4.0 in ./.venv/lib/python3.11/site-packages (from streamlit>=1.28.0->-r requirements.txt (line 1)) (5.5.0)
2025-10-08 01:12:10	SYSTEM	...cce6587	
Requirement already satisfied: numpy>=1.24.0 in ./.venv/lib/python3.11/site-packages (from -r requirements.txt (line 13)) (1.26.4)
2025-10-08 01:12:10	SYSTEM	...cce6587	
Requirement already satisfied: openpyxl>=3.1.2 in ./.venv/lib/python3.11/site-packages (from -r requirements.txt (line 12)) (3.1.5)
2025-10-08 01:12:10	SYSTEM	...cce6587	
  Downloading reportlab-4.4.4-py3-none-any.whl.metadata (1.7 kB)
2025-10-08 01:12:10	SYSTEM	...cce6587	
Collecting reportlab>=4.0.0 (from -r requirements.txt (line 11))
2025-10-08 01:12:10	SYSTEM	...cce6587	
  Downloading azure_monitor_query-2.0.0-py3-none-any.whl.metadata (20 kB)
2025-10-08 01:12:10	SYSTEM	...cce6587	
Collecting azure-monitor-query>=1.2.0 (from -r requirements.txt (line 10))
2025-10-08 01:12:10	SYSTEM	...cce6587	
  Downloading azure_mgmt_costmanagement-4.0.1-py3-none-any.whl.metadata (13 kB)
2025-10-08 01:12:10	SYSTEM	...cce6587	
Collecting azure-mgmt-costmanagement>=4.0.0 (from -r requirements.txt (line 9))
2025-10-08 01:12:10	SYSTEM	...cce6587	
  Downloading azure_mgmt_resource-24.0.0-py3-none-any.whl.metadata (43 kB)
2025-10-08 01:12:10	SYSTEM	...cce6587	
Collecting azure-mgmt-resource>=23.0.0 (from -r requirements.txt (line 8))
2025-10-08 01:12:10	SYSTEM	...cce6587	
  Downloading azure_identity-1.25.1-py3-none-any.whl.metadata (88 kB)
2025-10-08 01:12:10	SYSTEM	...cce6587	
Collecting azure-identity>=1.15.0 (from -r requirements.txt (line 7))
2025-10-08 01:12:10	SYSTEM	...cce6587	
Requirement already satisfied: PyYAML>=6.0.1 in ./.venv/lib/python3.11/site-packages (from -r requirements.txt (line 6)) (6.0.3)
2025-10-08 01:12:10	SYSTEM	...cce6587	
Requirement already satisfied: python-dotenv>=1.0.0 in ./.venv/lib/python3.11/site-packages (from -r requirements.txt (line 5)) (1.1.1)
2025-10-08 01:12:10	SYSTEM	...cce6587	
  Downloading psycopg2_binary-2.9.10-cp311-cp311-manylinux_2_17_x86_64.manylinux2014_x86_64.whl.metadata (4.9 kB)
2025-10-08 01:12:10	SYSTEM	...cce6587	
Collecting psycopg2-binary>=2.9.9 (from -r requirements.txt (line 4))
2025-10-08 01:12:09	SYSTEM	...cce6587	
Requirement already satisfied: plotly>=5.17.0 in ./.venv/lib/python3.11/site-packages (from -r requirements.txt (line 3)) (5.24.1)
2025-10-08 01:12:09	SYSTEM	...cce6587	
Requirement already satisfied: pandas>=2.0.0 in ./.venv/lib/python3.11/site-packages (from -r requirements.txt (line 2)) (2.2.3)
2025-10-08 01:12:09	SYSTEM	...cce6587	
Requirement already satisfied: streamlit>=1.28.0 in ./.venv/lib/python3.11/site-packages (from -r requirements.txt (line 1)) (1.38.0)
2025-10-08 01:12:09	SYSTEM	...c2265d4	
[INFO] Updated file: python/source_code/pages/5_Tools.py
2025-10-08 01:12:09	SYSTEM	...c2265d4	
[INFO] Updated file: python/source_code/pages/3_Incident_Center.py
2025-10-08 01:12:09	SYSTEM	...c2265d4	
[INFO] Updated file: python/source_code/pages/4_Performance_Monitor.py
2025-10-08 01:12:09	SYSTEM	...c2265d4	
[INFO] Updated file: python/source_code/pages/2_Cost_Dashboard.py
2025-10-08 01:12:09	SYSTEM	...c2265d4	
[INFO] Updated file: python/source_code/pages/1_Resource_Explorer.py
2025-10-08 01:12:09	SYSTEM	...c2265d4	
[INFO] Updated file: python/source_code/pages/6_Admin_Settings.py
2025-10-08 01:12:09	SYSTEM	...c2265d4	
[INFO] Updated file: python/source_code/core/env_utils.py
2025-10-08 01:12:08	SYSTEM	...c2265d4	
[INFO] Updated file: python/source_code/core/db_manager.py
2025-10-08 01:12:08	SYSTEM	...c2265d4	
[INFO] Updated file: python/source_code/core/azure_real_client.py
2025-10-08 01:12:08	SYSTEM	...c2265d4	
[INFO] Updated file: python/source_code/core/azure_auth.py
2025-10-08 01:12:08	SYSTEM	...c2265d4	
[INFO] Updated file: python/source_code/core/ui_helpers.py
2025-10-08 01:12:08	SYSTEM	...c2265d4	
[INFO] Updated file: python/source_code/core/installer.py
2025-10-08 01:12:08	SYSTEM	...c2265d4	
[INFO] Updated file: python/source_code/core/azure_client.py
2025-10-08 01:12:08	SYSTEM	...c2265d4	
[INFO] Updated file: python/source_code/core/export_utils.py
2025-10-08 01:12:08	SYSTEM	...c2265d4	
[INFO] Updated file: python/source_code/core/user_auth.py
2025-10-08 01:12:08	SYSTEM	...c2265d4	
[INFO] Updated file: python/source_code/core/db_migration.py
2025-10-08 01:12:08	SYSTEM	...c2265d4	
[INFO] Updated file: python/source_code/core/azure_client_factory.py
2025-10-08 01:12:08	SYSTEM	...c2265d4	
[INFO] Updated file: python/source_code/core/login_page.py
2025-10-08 01:12:08	SYSTEM	...c2265d4	
[INFO] Updated file: python/source_code/core/config_loader.py
2025-10-08 01:12:08	SYSTEM	...c2265d4	
[INFO] Updated file: python/source_code/attached_assets/image_1759885385234.png
2025-10-08 01:12:08	SYSTEM	...c2265d4	
[INFO] Updated file: python/source_code/attached_assets/Pasted-2025-10-08-01-03-36-SYSTEM-cce6587-ERROR-01f0a3e296631535909b5dfdacce6587-Error-deploying-a-1759885480996_1759885480997.txt
2025-10-08 01:12:07	SYSTEM	...c2265d4	
[INFO] Updated file: python/source_code/attached_assets/Pasted--Build-a-Unified-User-Friendly-Azure-Platform-Support-WebApp-Replit-Databricks-Streamli-1759862320201_1759862320204.txt
2025-10-08 01:12:07	SYSTEM	...c2265d4	
[INFO] Updated file: python/source_code/.streamlit/config.toml
2025-10-08 01:12:07	SYSTEM	...c2265d4	
[INFO] Updated file: python/source_code/requirements.txt
2025-10-08 01:12:07	SYSTEM	...c2265d4	
[INFO] Updated file: python/source_code/replit.md
2025-10-08 01:12:07	SYSTEM	...c2265d4	
[INFO] Updated file: python/source_code/uv.lock
2025-10-08 01:12:07	SYSTEM	...c2265d4	
[INFO] Updated file: python/source_code/db_schema.json
2025-10-08 01:12:07	SYSTEM	...c2265d4	
[INFO] Updated file: python/source_code/pyproject.toml
2025-10-08 01:12:07	SYSTEM	...c2265d4	
[INFO] Updated file: python/source_code/app.py
2025-10-08 01:12:07	SYSTEM	...c2265d4	
[INFO] Updated file: python/source_code/README.md
2025-10-08 01:12:07	SYSTEM	...c2265d4	
[INFO] Updated file: python/source_code/.env.example
2025-10-08 01:12:06	SYSTEM	...c2265d4	
[INFO] Updated file: python/source_code/.replit
2025-10-08 01:12:06	SYSTEM	...c2265d4	
[INFO] Downloading source code from /Workspace/Users/a267aec7-5a15-40c3-bfc8-e49b5f0f51ee/src/01f0a3e3c9211955a6ed4cd1ec2265d4
2025-10-08 01:12:06	SYSTEM	...c2265d4	
[INFO] Starting deployment 01f0a3e3c9211955a6ed4cd1ec2265d4...